<?xml version="1.0" encoding="UTF-8"?>
<testsuite name="Shirt Management Tests"
           tests="2"
           failures="2"
           errors="0"
           skipped="0"
           time="1.288">
    <properties></properties>

            <testcase
                name="runScenario"
                time="1.055"
                classname="com.skillstorm.inventorymanagement.cucumber.RunCucumberTest">

            <failure type="org.openqa.selenium.SessionNotCreatedException" message="Could not start a new session. Possible causes are invalid address of the remote server or browser start-up failure. 
Host info: host: &apos;KEVPC&apos;, ip: &apos;192.168.1.156&apos;
Build info: version: &apos;4.14.1&apos;, revision: &apos;03f8ede370&apos;
System info: os.name: &apos;Windows 11&apos;, os.arch: &apos;amd64&apos;, os.version: &apos;10.0&apos;, java.version: &apos;17.0.10&apos;
Driver info: org.openqa.selenium.chrome.ChromeDriver
Command: [null, newSession {capabilities=[Capabilities {browserName: chrome, goog:chromeOptions: {args: [], binary: C:\Program Files\Google\Chr..., extensions: []}}]}]">
                <![CDATA[org.openqa.selenium.SessionNotCreatedException: Could not start a new session. Possible causes are invalid address of the remote server or browser start-up failure. 
Host info: host: 'KEVPC', ip: '192.168.1.156'
Build info: version: '4.14.1', revision: '03f8ede370'
System info: os.name: 'Windows 11', os.arch: 'amd64', os.version: '10.0', java.version: '17.0.10'
Driver info: org.openqa.selenium.chrome.ChromeDriver
Command: [null, newSession {capabilities=[Capabilities {browserName: chrome, goog:chromeOptions: {args: [], binary: C:\Program Files\Google\Chr..., extensions: []}}]}]
                org.openqa.selenium.remote.RemoteWebDriver.execute(RemoteWebDriver.java:620)org.openqa.selenium.remote.RemoteWebDriver.startSession(RemoteWebDriver.java:236)org.openqa.selenium.remote.RemoteWebDriver.<init>(RemoteWebDriver.java:163)org.openqa.selenium.chromium.ChromiumDriver.<init>(ChromiumDriver.java:108)org.openqa.selenium.chrome.ChromeDriver.<init>(ChromeDriver.java:88)org.openqa.selenium.chrome.ChromeDriver.<init>(ChromeDriver.java:83)org.openqa.selenium.chrome.ChromeDriver.<init>(ChromeDriver.java:51)com.skillstorm.inventorymanagement.cucumber.ShirtsSteps.setUp(ShirtsSteps.java:21)
                    Caused by: java.lang.NoSuchMethodError: 'java.util.stream.Collector com.google.common.collect.ImmutableSortedSet.toImmutableSortedSet(java.util.Comparator)'
                    org.openqa.selenium.remote.NewSessionPayload.lambda$validate$3(NewSessionPayload.java:171)java.base/java.util.stream.ReferencePipeline$15$1.accept(ReferencePipeline.java:540)java.base/java.util.stream.ReferencePipeline$3$1.accept(ReferencePipeline.java:197)java.base/java.util.stream.ReferencePipeline$15$1.accept(ReferencePipeline.java:541)java.base/java.util.ArrayList$ArrayListSpliterator.forEachRemaining(ArrayList.java:1625)java.base/java.util.stream.AbstractPipeline.copyInto(AbstractPipeline.java:509)java.base/java.util.stream.AbstractPipeline.wrapAndCopyInto(AbstractPipeline.java:499)java.base/java.util.stream.ForEachOps$ForEachOp.evaluateSequential(ForEachOps.java:150)java.base/java.util.stream.ForEachOps$ForEachOp$OfRef.evaluateSequential(ForEachOps.java:173)java.base/java.util.stream.AbstractPipeline.evaluate(AbstractPipeline.java:234)java.base/java.util.stream.ReferencePipeline.forEach(ReferencePipeline.java:596)org.openqa.selenium.remote.NewSessionPayload.validate(NewSessionPayload.java:188)org.openqa.selenium.remote.NewSessionPayload.<init>(NewSessionPayload.java:91)org.openqa.selenium.remote.NewSessionPayload.create(NewSessionPayload.java:127)org.openqa.selenium.remote.NewSessionPayload.create(NewSessionPayload.java:111)org.openqa.selenium.remote.ProtocolHandshake.createSession(ProtocolHandshake.java:67)org.openqa.selenium.remote.HttpCommandExecutor.execute(HttpCommandExecutor.java:163)org.openqa.selenium.remote.service.DriverCommandExecutor.invokeExecute(DriverCommandExecutor.java:200)org.openqa.selenium.remote.service.DriverCommandExecutor.execute(DriverCommandExecutor.java:175)org.openqa.selenium.remote.RemoteWebDriver.execute(RemoteWebDriver.java:602)org.openqa.selenium.remote.RemoteWebDriver.startSession(RemoteWebDriver.java:236)org.openqa.selenium.remote.RemoteWebDriver.<init>(RemoteWebDriver.java:163)org.openqa.selenium.chromium.ChromiumDriver.<init>(ChromiumDriver.java:108)org.openqa.selenium.chrome.ChromeDriver.<init>(ChromeDriver.java:88)org.openqa.selenium.chrome.ChromeDriver.<init>(ChromeDriver.java:83)org.openqa.selenium.chrome.ChromeDriver.<init>(ChromeDriver.java:51)com.skillstorm.inventorymanagement.cucumber.ShirtsSteps.setUp(ShirtsSteps.java:21)java.base/jdk.internal.reflect.NativeMethodAccessorImpl.invoke0(Native Method)java.base/jdk.internal.reflect.NativeMethodAccessorImpl.invoke(NativeMethodAccessorImpl.java:77)java.base/jdk.internal.reflect.DelegatingMethodAccessorImpl.invoke(DelegatingMethodAccessorImpl.java:43)java.base/java.lang.reflect.Method.invoke(Method.java:568)io.cucumber.java.Invoker.doInvoke(Invoker.java:66)io.cucumber.java.Invoker.invoke(Invoker.java:24)io.cucumber.java.AbstractGlueDefinition.invokeMethod(AbstractGlueDefinition.java:47)io.cucumber.java.JavaHookDefinition.execute(JavaHookDefinition.java:64)io.cucumber.core.runner.CoreHookDefinition.execute(CoreHookDefinition.java:46)io.cucumber.core.runner.HookDefinitionMatch.runStep(HookDefinitionMatch.java:21)io.cucumber.core.runner.ExecutionMode$1.execute(ExecutionMode.java:10)io.cucumber.core.runner.TestStep.executeStep(TestStep.java:84)io.cucumber.core.runner.TestStep.run(TestStep.java:56)io.cucumber.core.runner.TestCase.run(TestCase.java:78)io.cucumber.core.runner.Runner.runPickle(Runner.java:75)io.cucumber.testng.TestNGCucumberRunner.lambda$runScenario$1(TestNGCucumberRunner.java:132)io.cucumber.core.runtime.CucumberExecutionContext.lambda$runTestCase$5(CucumberExecutionContext.java:130)io.cucumber.core.runtime.RethrowingThrowableCollector.executeAndThrow(RethrowingThrowableCollector.java:23)io.cucumber.core.runtime.CucumberExecutionContext.runTestCase(CucumberExecutionContext.java:130)io.cucumber.testng.TestNGCucumberRunner.runScenario(TestNGCucumberRunner.java:129)io.cucumber.testng.AbstractTestNGCucumberTests.runScenario(AbstractTestNGCucumberTests.java:35)java.base/jdk.internal.reflect.NativeMethodAccessorImpl.invoke0(Native Method)java.base/jdk.internal.reflect.NativeMethodAccessorImpl.invoke(NativeMethodAccessorImpl.java:77)java.base/jdk.internal.reflect.DelegatingMethodAccessorImpl.invoke(DelegatingMethodAccessorImpl.java:43)java.base/java.lang.reflect.Method.invoke(Method.java:568)org.testng.internal.invokers.MethodInvocationHelper.invokeMethod(MethodInvocationHelper.java:141)org.testng.internal.invokers.TestInvoker.invokeMethod(TestInvoker.java:686)org.testng.internal.invokers.TestInvoker.invokeTestMethod(TestInvoker.java:230)org.testng.internal.invokers.MethodRunner.runInSequence(MethodRunner.java:63)org.testng.internal.invokers.TestInvoker$MethodInvocationAgent.invoke(TestInvoker.java:992)org.testng.internal.invokers.TestInvoker.invokeTestMethods(TestInvoker.java:203)org.testng.internal.invokers.TestMethodWorker.invokeTestMethods(TestMethodWorker.java:154)org.testng.internal.invokers.TestMethodWorker.run(TestMethodWorker.java:134)java.base/java.util.ArrayList.forEach(ArrayList.java:1511)org.testng.TestRunner.privateRun(TestRunner.java:739)org.testng.TestRunner.run(TestRunner.java:614)org.testng.SuiteRunner.runTest(SuiteRunner.java:421)org.testng.SuiteRunner.runSequentially(SuiteRunner.java:413)org.testng.SuiteRunner.privateRun(SuiteRunner.java:373)org.testng.SuiteRunner.run(SuiteRunner.java:312)org.testng.SuiteRunnerWorker.runSuite(SuiteRunnerWorker.java:52)org.testng.SuiteRunnerWorker.run(SuiteRunnerWorker.java:95)org.testng.TestNG.runSuitesSequentially(TestNG.java:1274)org.testng.TestNG.runSuitesLocally(TestNG.java:1208)org.testng.TestNG.runSuites(TestNG.java:1112)org.testng.TestNG.run(TestNG.java:1079)org.apache.maven.surefire.testng.TestNGExecutor.run(TestNGExecutor.java:308)org.apache.maven.surefire.testng.TestNGXmlTestSuite.execute(TestNGXmlTestSuite.java:71)org.apache.maven.surefire.testng.TestNGProvider.invoke(TestNGProvider.java:113)org.apache.maven.surefire.booter.ForkedBooter.runSuitesInProcess(ForkedBooter.java:385)org.apache.maven.surefire.booter.ForkedBooter.execute(ForkedBooter.java:162)org.apache.maven.surefire.booter.ForkedBooter.run(ForkedBooter.java:507)org.apache.maven.surefire.booter.ForkedBooter.main(ForkedBooter.java:495)
                ]]>
            </failure>
    </testcase>
            <testcase
                name="runScenario"
                time="0.233"
                classname="com.skillstorm.inventorymanagement.cucumber.RunCucumberTest">

            <failure type="org.openqa.selenium.SessionNotCreatedException" message="Could not start a new session. Possible causes are invalid address of the remote server or browser start-up failure. 
Host info: host: &apos;KEVPC&apos;, ip: &apos;192.168.1.156&apos;
Build info: version: &apos;4.14.1&apos;, revision: &apos;03f8ede370&apos;
System info: os.name: &apos;Windows 11&apos;, os.arch: &apos;amd64&apos;, os.version: &apos;10.0&apos;, java.version: &apos;17.0.10&apos;
Driver info: org.openqa.selenium.chrome.ChromeDriver
Command: [null, newSession {capabilities=[Capabilities {browserName: chrome, goog:chromeOptions: {args: [], binary: C:\Program Files\Google\Chr..., extensions: []}}]}]">
                <![CDATA[org.openqa.selenium.SessionNotCreatedException: Could not start a new session. Possible causes are invalid address of the remote server or browser start-up failure. 
Host info: host: 'KEVPC', ip: '192.168.1.156'
Build info: version: '4.14.1', revision: '03f8ede370'
System info: os.name: 'Windows 11', os.arch: 'amd64', os.version: '10.0', java.version: '17.0.10'
Driver info: org.openqa.selenium.chrome.ChromeDriver
Command: [null, newSession {capabilities=[Capabilities {browserName: chrome, goog:chromeOptions: {args: [], binary: C:\Program Files\Google\Chr..., extensions: []}}]}]
                org.openqa.selenium.remote.RemoteWebDriver.execute(RemoteWebDriver.java:620)org.openqa.selenium.remote.RemoteWebDriver.startSession(RemoteWebDriver.java:236)org.openqa.selenium.remote.RemoteWebDriver.<init>(RemoteWebDriver.java:163)org.openqa.selenium.chromium.ChromiumDriver.<init>(ChromiumDriver.java:108)org.openqa.selenium.chrome.ChromeDriver.<init>(ChromeDriver.java:88)org.openqa.selenium.chrome.ChromeDriver.<init>(ChromeDriver.java:83)org.openqa.selenium.chrome.ChromeDriver.<init>(ChromeDriver.java:72)com.skillstorm.inventorymanagement.cucumber.WarehouseSteps.before(WarehouseSteps.java:23)
                    Caused by: java.lang.NoSuchMethodError: 'java.util.stream.Collector com.google.common.collect.ImmutableSortedSet.toImmutableSortedSet(java.util.Comparator)'
                    org.openqa.selenium.remote.NewSessionPayload.lambda$validate$3(NewSessionPayload.java:171)java.base/java.util.stream.ReferencePipeline$15$1.accept(ReferencePipeline.java:540)java.base/java.util.stream.ReferencePipeline$3$1.accept(ReferencePipeline.java:197)java.base/java.util.stream.ReferencePipeline$15$1.accept(ReferencePipeline.java:541)java.base/java.util.ArrayList$ArrayListSpliterator.forEachRemaining(ArrayList.java:1625)java.base/java.util.stream.AbstractPipeline.copyInto(AbstractPipeline.java:509)java.base/java.util.stream.AbstractPipeline.wrapAndCopyInto(AbstractPipeline.java:499)java.base/java.util.stream.ForEachOps$ForEachOp.evaluateSequential(ForEachOps.java:150)java.base/java.util.stream.ForEachOps$ForEachOp$OfRef.evaluateSequential(ForEachOps.java:173)java.base/java.util.stream.AbstractPipeline.evaluate(AbstractPipeline.java:234)java.base/java.util.stream.ReferencePipeline.forEach(ReferencePipeline.java:596)org.openqa.selenium.remote.NewSessionPayload.validate(NewSessionPayload.java:188)org.openqa.selenium.remote.NewSessionPayload.<init>(NewSessionPayload.java:91)org.openqa.selenium.remote.NewSessionPayload.create(NewSessionPayload.java:127)org.openqa.selenium.remote.NewSessionPayload.create(NewSessionPayload.java:111)org.openqa.selenium.remote.ProtocolHandshake.createSession(ProtocolHandshake.java:67)org.openqa.selenium.remote.HttpCommandExecutor.execute(HttpCommandExecutor.java:163)org.openqa.selenium.remote.service.DriverCommandExecutor.invokeExecute(DriverCommandExecutor.java:200)org.openqa.selenium.remote.service.DriverCommandExecutor.execute(DriverCommandExecutor.java:175)org.openqa.selenium.remote.RemoteWebDriver.execute(RemoteWebDriver.java:602)org.openqa.selenium.remote.RemoteWebDriver.startSession(RemoteWebDriver.java:236)org.openqa.selenium.remote.RemoteWebDriver.<init>(RemoteWebDriver.java:163)org.openqa.selenium.chromium.ChromiumDriver.<init>(ChromiumDriver.java:108)org.openqa.selenium.chrome.ChromeDriver.<init>(ChromeDriver.java:88)org.openqa.selenium.chrome.ChromeDriver.<init>(ChromeDriver.java:83)org.openqa.selenium.chrome.ChromeDriver.<init>(ChromeDriver.java:72)com.skillstorm.inventorymanagement.cucumber.WarehouseSteps.before(WarehouseSteps.java:23)java.base/jdk.internal.reflect.NativeMethodAccessorImpl.invoke0(Native Method)java.base/jdk.internal.reflect.NativeMethodAccessorImpl.invoke(NativeMethodAccessorImpl.java:77)java.base/jdk.internal.reflect.DelegatingMethodAccessorImpl.invoke(DelegatingMethodAccessorImpl.java:43)java.base/java.lang.reflect.Method.invoke(Method.java:568)io.cucumber.java.Invoker.doInvoke(Invoker.java:66)io.cucumber.java.Invoker.invoke(Invoker.java:24)io.cucumber.java.AbstractGlueDefinition.invokeMethod(AbstractGlueDefinition.java:47)io.cucumber.java.JavaHookDefinition.execute(JavaHookDefinition.java:64)io.cucumber.core.runner.CoreHookDefinition.execute(CoreHookDefinition.java:46)io.cucumber.core.runner.HookDefinitionMatch.runStep(HookDefinitionMatch.java:21)io.cucumber.core.runner.ExecutionMode$1.execute(ExecutionMode.java:10)io.cucumber.core.runner.TestStep.executeStep(TestStep.java:84)io.cucumber.core.runner.TestStep.run(TestStep.java:56)io.cucumber.core.runner.TestCase.run(TestCase.java:78)io.cucumber.core.runner.Runner.runPickle(Runner.java:75)io.cucumber.testng.TestNGCucumberRunner.lambda$runScenario$1(TestNGCucumberRunner.java:132)io.cucumber.core.runtime.CucumberExecutionContext.lambda$runTestCase$5(CucumberExecutionContext.java:130)io.cucumber.core.runtime.RethrowingThrowableCollector.executeAndThrow(RethrowingThrowableCollector.java:23)io.cucumber.core.runtime.CucumberExecutionContext.runTestCase(CucumberExecutionContext.java:130)io.cucumber.testng.TestNGCucumberRunner.runScenario(TestNGCucumberRunner.java:129)io.cucumber.testng.AbstractTestNGCucumberTests.runScenario(AbstractTestNGCucumberTests.java:35)java.base/jdk.internal.reflect.NativeMethodAccessorImpl.invoke0(Native Method)java.base/jdk.internal.reflect.NativeMethodAccessorImpl.invoke(NativeMethodAccessorImpl.java:77)java.base/jdk.internal.reflect.DelegatingMethodAccessorImpl.invoke(DelegatingMethodAccessorImpl.java:43)java.base/java.lang.reflect.Method.invoke(Method.java:568)org.testng.internal.invokers.MethodInvocationHelper.invokeMethod(MethodInvocationHelper.java:141)org.testng.internal.invokers.TestInvoker.invokeMethod(TestInvoker.java:686)org.testng.internal.invokers.TestInvoker.invokeTestMethod(TestInvoker.java:230)org.testng.internal.invokers.MethodRunner.runInSequence(MethodRunner.java:63)org.testng.internal.invokers.TestInvoker$MethodInvocationAgent.invoke(TestInvoker.java:992)org.testng.internal.invokers.TestInvoker.invokeTestMethods(TestInvoker.java:203)org.testng.internal.invokers.TestMethodWorker.invokeTestMethods(TestMethodWorker.java:154)org.testng.internal.invokers.TestMethodWorker.run(TestMethodWorker.java:134)java.base/java.util.ArrayList.forEach(ArrayList.java:1511)org.testng.TestRunner.privateRun(TestRunner.java:739)org.testng.TestRunner.run(TestRunner.java:614)org.testng.SuiteRunner.runTest(SuiteRunner.java:421)org.testng.SuiteRunner.runSequentially(SuiteRunner.java:413)org.testng.SuiteRunner.privateRun(SuiteRunner.java:373)org.testng.SuiteRunner.run(SuiteRunner.java:312)org.testng.SuiteRunnerWorker.runSuite(SuiteRunnerWorker.java:52)org.testng.SuiteRunnerWorker.run(SuiteRunnerWorker.java:95)org.testng.TestNG.runSuitesSequentially(TestNG.java:1274)org.testng.TestNG.runSuitesLocally(TestNG.java:1208)org.testng.TestNG.runSuites(TestNG.java:1112)org.testng.TestNG.run(TestNG.java:1079)org.apache.maven.surefire.testng.TestNGExecutor.run(TestNGExecutor.java:308)org.apache.maven.surefire.testng.TestNGXmlTestSuite.execute(TestNGXmlTestSuite.java:71)org.apache.maven.surefire.testng.TestNGProvider.invoke(TestNGProvider.java:113)org.apache.maven.surefire.booter.ForkedBooter.runSuitesInProcess(ForkedBooter.java:385)org.apache.maven.surefire.booter.ForkedBooter.execute(ForkedBooter.java:162)org.apache.maven.surefire.booter.ForkedBooter.run(ForkedBooter.java:507)org.apache.maven.surefire.booter.ForkedBooter.main(ForkedBooter.java:495)
                ]]>
            </failure>
    </testcase>


</testsuite>
