<!doctype html>
<html lang="">
<head>
    <meta charset="UTF-8">
    <meta name="viewport"
          content="width=device-width, user-scalable=no, initial-scale=1.0, maximum-scale=1.0, minimum-scale=1.0">
    <meta http-equiv="X-UA-Compatible" content="ie=edge">
    <title>Test Results Report - Shirt Management Tests</title>

    <link href="reportng.css" rel="stylesheet" type="text/css"/>
</head>
<body>
<div id="meta">
Generated by <a href="http://www.testng.org" target="_blank">TestNG</a> with <a href="https://github.com/testng-team/reportng" target="_blank">ReportNG</a>
at 13:49 EDT on Wednesday 16 October 2024
    <br/><span
    id="systemInfo">kmcon@KevPC&nbsp;/&nbsp;Java 17.0.10 (Oracle Corporation)&nbsp;/&nbsp;Windows 11 10.0 (amd64)</span>
</div>
<h1>Shirt Management Tests</h1>

<p>
    <a href="index.html">Suites</a>
        &#183; <a href="output.html">Log Output</a>
</p>

<p>Test duration
    : 3.117s</p>


    <table class="resultsTable">
        <tr>
            <th colspan="3" class="header failed">Failed Tests</th>
        </tr>
            <tr>
                <td class="group" colspan="3">com.skillstorm.inventorymanagement.cucumber.RunCucumberTest</td>
            </tr>
    <tr>
        <td class="method">
                <span class="description" title="Runs Cucumber Scenarios">
                    runScenario
                </span>
        </td>
        <td class="duration">
            0.233s
        </td>
        <td class="result">
            <!-- Display the dependencies for skipped test methods -->

                <i>Method arguments: </i>
                <span class="arguments">
                    "Add a new warehouse to the system", "Warehouse Management"
                </span>
                <br/>

            <!-- Show logger output for the test -->

                <a href="javascript:toggleElement('exception-0', 'block')"
                   title="Click to expand/collapse">
                    <b>org.openqa.selenium.SessionNotCreatedException: Could not start a new session. Possible causes are invalid address of the remote server or browser start-up failure. <br/>
Host info: host: &apos;KEVPC&apos;, ip: &apos;192.168.1.156&apos;<br/>
Build info: version: &apos;4.14.1&apos;, revision: &apos;03f8ede370&apos;<br/>
System info: os.name: &apos;Windows 11&apos;, os.arch: &apos;amd64&apos;, os.version: &apos;10.0&apos;, java.version: &apos;17.0.10&apos;<br/>
Driver info: org.openqa.selenium.chrome.ChromeDriver<br/>
Command: [null, newSession {capabilities=[Capabilities {browserName: chrome, goog:chromeOptions: {args: [], binary: C:\Program Files\Google\Chr..., extensions: []}}]}]</b>
                </a>
                <br/>
                <div class="stackTrace" id="exception-0">
                        org.openqa.selenium.remote.RemoteWebDriver.execute(RemoteWebDriver.java:620)<br/>
                        org.openqa.selenium.remote.RemoteWebDriver.startSession(RemoteWebDriver.java:236)<br/>
                        org.openqa.selenium.remote.RemoteWebDriver.&lt;init&gt;(RemoteWebDriver.java:163)<br/>
                        org.openqa.selenium.chromium.ChromiumDriver.&lt;init&gt;(ChromiumDriver.java:108)<br/>
                        org.openqa.selenium.chrome.ChromeDriver.&lt;init&gt;(ChromeDriver.java:88)<br/>
                        org.openqa.selenium.chrome.ChromeDriver.&lt;init&gt;(ChromeDriver.java:83)<br/>
                        org.openqa.selenium.chrome.ChromeDriver.&lt;init&gt;(ChromeDriver.java:72)<br/>
                        com.skillstorm.inventorymanagement.cucumber.WarehouseSteps.before(WarehouseSteps.java:23)<br/>
                        <b>Caused by: </b>
                        <a href="javascript:toggleElement('exception-1', 'block')"
                           title="Click to expand/collapse">
                            java.lang.NoSuchMethodError: &apos;java.util.stream.Collector com.google.common.collect.ImmutableSortedSet.toImmutableSortedSet(java.util.Comparator)&apos;
                        </a>
                        <br/>
                        <div class="stackTrace" id="exception-1">
                                org.openqa.selenium.remote.NewSessionPayload.lambda$validate$3(NewSessionPayload.java:171)<br/>
                                java.base/java.util.stream.ReferencePipeline$15$1.accept(ReferencePipeline.java:540)<br/>
                                java.base/java.util.stream.ReferencePipeline$3$1.accept(ReferencePipeline.java:197)<br/>
                                java.base/java.util.stream.ReferencePipeline$15$1.accept(ReferencePipeline.java:541)<br/>
                                java.base/java.util.ArrayList$ArrayListSpliterator.forEachRemaining(ArrayList.java:1625)<br/>
                                java.base/java.util.stream.AbstractPipeline.copyInto(AbstractPipeline.java:509)<br/>
                                java.base/java.util.stream.AbstractPipeline.wrapAndCopyInto(AbstractPipeline.java:499)<br/>
                                java.base/java.util.stream.ForEachOps$ForEachOp.evaluateSequential(ForEachOps.java:150)<br/>
                                java.base/java.util.stream.ForEachOps$ForEachOp$OfRef.evaluateSequential(ForEachOps.java:173)<br/>
                                java.base/java.util.stream.AbstractPipeline.evaluate(AbstractPipeline.java:234)<br/>
                                java.base/java.util.stream.ReferencePipeline.forEach(ReferencePipeline.java:596)<br/>
                                org.openqa.selenium.remote.NewSessionPayload.validate(NewSessionPayload.java:188)<br/>
                                org.openqa.selenium.remote.NewSessionPayload.&lt;init&gt;(NewSessionPayload.java:91)<br/>
                                org.openqa.selenium.remote.NewSessionPayload.create(NewSessionPayload.java:127)<br/>
                                org.openqa.selenium.remote.NewSessionPayload.create(NewSessionPayload.java:111)<br/>
                                org.openqa.selenium.remote.ProtocolHandshake.createSession(ProtocolHandshake.java:67)<br/>
                                org.openqa.selenium.remote.HttpCommandExecutor.execute(HttpCommandExecutor.java:163)<br/>
                                org.openqa.selenium.remote.service.DriverCommandExecutor.invokeExecute(DriverCommandExecutor.java:200)<br/>
                                org.openqa.selenium.remote.service.DriverCommandExecutor.execute(DriverCommandExecutor.java:175)<br/>
                                org.openqa.selenium.remote.RemoteWebDriver.execute(RemoteWebDriver.java:602)<br/>
                                org.openqa.selenium.remote.RemoteWebDriver.startSession(RemoteWebDriver.java:236)<br/>
                                org.openqa.selenium.remote.RemoteWebDriver.&lt;init&gt;(RemoteWebDriver.java:163)<br/>
                                org.openqa.selenium.chromium.ChromiumDriver.&lt;init&gt;(ChromiumDriver.java:108)<br/>
                                org.openqa.selenium.chrome.ChromeDriver.&lt;init&gt;(ChromeDriver.java:88)<br/>
                                org.openqa.selenium.chrome.ChromeDriver.&lt;init&gt;(ChromeDriver.java:83)<br/>
                                org.openqa.selenium.chrome.ChromeDriver.&lt;init&gt;(ChromeDriver.java:72)<br/>
                                com.skillstorm.inventorymanagement.cucumber.WarehouseSteps.before(WarehouseSteps.java:23)<br/>
                                java.base/jdk.internal.reflect.NativeMethodAccessorImpl.invoke0(Native Method)<br/>
                                java.base/jdk.internal.reflect.NativeMethodAccessorImpl.invoke(NativeMethodAccessorImpl.java:77)<br/>
                                java.base/jdk.internal.reflect.DelegatingMethodAccessorImpl.invoke(DelegatingMethodAccessorImpl.java:43)<br/>
                                java.base/java.lang.reflect.Method.invoke(Method.java:568)<br/>
                                io.cucumber.java.Invoker.doInvoke(Invoker.java:66)<br/>
                                io.cucumber.java.Invoker.invoke(Invoker.java:24)<br/>
                                io.cucumber.java.AbstractGlueDefinition.invokeMethod(AbstractGlueDefinition.java:47)<br/>
                                io.cucumber.java.JavaHookDefinition.execute(JavaHookDefinition.java:64)<br/>
                                io.cucumber.core.runner.CoreHookDefinition.execute(CoreHookDefinition.java:46)<br/>
                                io.cucumber.core.runner.HookDefinitionMatch.runStep(HookDefinitionMatch.java:21)<br/>
                                io.cucumber.core.runner.ExecutionMode$1.execute(ExecutionMode.java:10)<br/>
                                io.cucumber.core.runner.TestStep.executeStep(TestStep.java:84)<br/>
                                io.cucumber.core.runner.TestStep.run(TestStep.java:56)<br/>
                                io.cucumber.core.runner.TestCase.run(TestCase.java:78)<br/>
                                io.cucumber.core.runner.Runner.runPickle(Runner.java:75)<br/>
                                io.cucumber.testng.TestNGCucumberRunner.lambda$runScenario$1(TestNGCucumberRunner.java:132)<br/>
                                io.cucumber.core.runtime.CucumberExecutionContext.lambda$runTestCase$5(CucumberExecutionContext.java:130)<br/>
                                io.cucumber.core.runtime.RethrowingThrowableCollector.executeAndThrow(RethrowingThrowableCollector.java:23)<br/>
                                io.cucumber.core.runtime.CucumberExecutionContext.runTestCase(CucumberExecutionContext.java:130)<br/>
                                io.cucumber.testng.TestNGCucumberRunner.runScenario(TestNGCucumberRunner.java:129)<br/>
                                io.cucumber.testng.AbstractTestNGCucumberTests.runScenario(AbstractTestNGCucumberTests.java:35)<br/>
                                java.base/jdk.internal.reflect.NativeMethodAccessorImpl.invoke0(Native Method)<br/>
                                java.base/jdk.internal.reflect.NativeMethodAccessorImpl.invoke(NativeMethodAccessorImpl.java:77)<br/>
                                java.base/jdk.internal.reflect.DelegatingMethodAccessorImpl.invoke(DelegatingMethodAccessorImpl.java:43)<br/>
                                java.base/java.lang.reflect.Method.invoke(Method.java:568)<br/>
                                org.testng.internal.invokers.MethodInvocationHelper.invokeMethod(MethodInvocationHelper.java:141)<br/>
                                org.testng.internal.invokers.TestInvoker.invokeMethod(TestInvoker.java:686)<br/>
                                org.testng.internal.invokers.TestInvoker.invokeTestMethod(TestInvoker.java:230)<br/>
                                org.testng.internal.invokers.MethodRunner.runInSequence(MethodRunner.java:63)<br/>
                                org.testng.internal.invokers.TestInvoker$MethodInvocationAgent.invoke(TestInvoker.java:992)<br/>
                                org.testng.internal.invokers.TestInvoker.invokeTestMethods(TestInvoker.java:203)<br/>
                                org.testng.internal.invokers.TestMethodWorker.invokeTestMethods(TestMethodWorker.java:154)<br/>
                                org.testng.internal.invokers.TestMethodWorker.run(TestMethodWorker.java:134)<br/>
                                java.base/java.util.ArrayList.forEach(ArrayList.java:1511)<br/>
                                org.testng.TestRunner.privateRun(TestRunner.java:739)<br/>
                                org.testng.TestRunner.run(TestRunner.java:614)<br/>
                                org.testng.SuiteRunner.runTest(SuiteRunner.java:421)<br/>
                                org.testng.SuiteRunner.runSequentially(SuiteRunner.java:413)<br/>
                                org.testng.SuiteRunner.privateRun(SuiteRunner.java:373)<br/>
                                org.testng.SuiteRunner.run(SuiteRunner.java:312)<br/>
                                org.testng.SuiteRunnerWorker.runSuite(SuiteRunnerWorker.java:52)<br/>
                                org.testng.SuiteRunnerWorker.run(SuiteRunnerWorker.java:95)<br/>
                                org.testng.TestNG.runSuitesSequentially(TestNG.java:1274)<br/>
                                org.testng.TestNG.runSuitesLocally(TestNG.java:1208)<br/>
                                org.testng.TestNG.runSuites(TestNG.java:1112)<br/>
                                org.testng.TestNG.run(TestNG.java:1079)<br/>
                                org.apache.maven.surefire.testng.TestNGExecutor.run(TestNGExecutor.java:308)<br/>
                                org.apache.maven.surefire.testng.TestNGXmlTestSuite.execute(TestNGXmlTestSuite.java:71)<br/>
                                org.apache.maven.surefire.testng.TestNGProvider.invoke(TestNGProvider.java:113)<br/>
                                org.apache.maven.surefire.booter.ForkedBooter.runSuitesInProcess(ForkedBooter.java:385)<br/>
                                org.apache.maven.surefire.booter.ForkedBooter.execute(ForkedBooter.java:162)<br/>
                                org.apache.maven.surefire.booter.ForkedBooter.run(ForkedBooter.java:507)<br/>
                                org.apache.maven.surefire.booter.ForkedBooter.main(ForkedBooter.java:495)<br/>
                        </div>
                </div>
        </td>
    </tr>
    <tr>
        <td class="method">
                <span class="description" title="Runs Cucumber Scenarios">
                    runScenario
                </span>
        </td>
        <td class="duration">
            1.055s
        </td>
        <td class="result">
            <!-- Display the dependencies for skipped test methods -->

                <i>Method arguments: </i>
                <span class="arguments">
                    "Add a new shirt to the inventory", "Shirt Management"
                </span>
                <br/>

            <!-- Show logger output for the test -->

                <a href="javascript:toggleElement('exception-2', 'block')"
                   title="Click to expand/collapse">
                    <b>org.openqa.selenium.SessionNotCreatedException: Could not start a new session. Possible causes are invalid address of the remote server or browser start-up failure. <br/>
Host info: host: &apos;KEVPC&apos;, ip: &apos;192.168.1.156&apos;<br/>
Build info: version: &apos;4.14.1&apos;, revision: &apos;03f8ede370&apos;<br/>
System info: os.name: &apos;Windows 11&apos;, os.arch: &apos;amd64&apos;, os.version: &apos;10.0&apos;, java.version: &apos;17.0.10&apos;<br/>
Driver info: org.openqa.selenium.chrome.ChromeDriver<br/>
Command: [null, newSession {capabilities=[Capabilities {browserName: chrome, goog:chromeOptions: {args: [], binary: C:\Program Files\Google\Chr..., extensions: []}}]}]</b>
                </a>
                <br/>
                <div class="stackTrace" id="exception-2">
                        org.openqa.selenium.remote.RemoteWebDriver.execute(RemoteWebDriver.java:620)<br/>
                        org.openqa.selenium.remote.RemoteWebDriver.startSession(RemoteWebDriver.java:236)<br/>
                        org.openqa.selenium.remote.RemoteWebDriver.&lt;init&gt;(RemoteWebDriver.java:163)<br/>
                        org.openqa.selenium.chromium.ChromiumDriver.&lt;init&gt;(ChromiumDriver.java:108)<br/>
                        org.openqa.selenium.chrome.ChromeDriver.&lt;init&gt;(ChromeDriver.java:88)<br/>
                        org.openqa.selenium.chrome.ChromeDriver.&lt;init&gt;(ChromeDriver.java:83)<br/>
                        org.openqa.selenium.chrome.ChromeDriver.&lt;init&gt;(ChromeDriver.java:51)<br/>
                        com.skillstorm.inventorymanagement.cucumber.ShirtsSteps.setUp(ShirtsSteps.java:21)<br/>
                        <b>Caused by: </b>
                        <a href="javascript:toggleElement('exception-3', 'block')"
                           title="Click to expand/collapse">
                            java.lang.NoSuchMethodError: &apos;java.util.stream.Collector com.google.common.collect.ImmutableSortedSet.toImmutableSortedSet(java.util.Comparator)&apos;
                        </a>
                        <br/>
                        <div class="stackTrace" id="exception-3">
                                org.openqa.selenium.remote.NewSessionPayload.lambda$validate$3(NewSessionPayload.java:171)<br/>
                                java.base/java.util.stream.ReferencePipeline$15$1.accept(ReferencePipeline.java:540)<br/>
                                java.base/java.util.stream.ReferencePipeline$3$1.accept(ReferencePipeline.java:197)<br/>
                                java.base/java.util.stream.ReferencePipeline$15$1.accept(ReferencePipeline.java:541)<br/>
                                java.base/java.util.ArrayList$ArrayListSpliterator.forEachRemaining(ArrayList.java:1625)<br/>
                                java.base/java.util.stream.AbstractPipeline.copyInto(AbstractPipeline.java:509)<br/>
                                java.base/java.util.stream.AbstractPipeline.wrapAndCopyInto(AbstractPipeline.java:499)<br/>
                                java.base/java.util.stream.ForEachOps$ForEachOp.evaluateSequential(ForEachOps.java:150)<br/>
                                java.base/java.util.stream.ForEachOps$ForEachOp$OfRef.evaluateSequential(ForEachOps.java:173)<br/>
                                java.base/java.util.stream.AbstractPipeline.evaluate(AbstractPipeline.java:234)<br/>
                                java.base/java.util.stream.ReferencePipeline.forEach(ReferencePipeline.java:596)<br/>
                                org.openqa.selenium.remote.NewSessionPayload.validate(NewSessionPayload.java:188)<br/>
                                org.openqa.selenium.remote.NewSessionPayload.&lt;init&gt;(NewSessionPayload.java:91)<br/>
                                org.openqa.selenium.remote.NewSessionPayload.create(NewSessionPayload.java:127)<br/>
                                org.openqa.selenium.remote.NewSessionPayload.create(NewSessionPayload.java:111)<br/>
                                org.openqa.selenium.remote.ProtocolHandshake.createSession(ProtocolHandshake.java:67)<br/>
                                org.openqa.selenium.remote.HttpCommandExecutor.execute(HttpCommandExecutor.java:163)<br/>
                                org.openqa.selenium.remote.service.DriverCommandExecutor.invokeExecute(DriverCommandExecutor.java:200)<br/>
                                org.openqa.selenium.remote.service.DriverCommandExecutor.execute(DriverCommandExecutor.java:175)<br/>
                                org.openqa.selenium.remote.RemoteWebDriver.execute(RemoteWebDriver.java:602)<br/>
                                org.openqa.selenium.remote.RemoteWebDriver.startSession(RemoteWebDriver.java:236)<br/>
                                org.openqa.selenium.remote.RemoteWebDriver.&lt;init&gt;(RemoteWebDriver.java:163)<br/>
                                org.openqa.selenium.chromium.ChromiumDriver.&lt;init&gt;(ChromiumDriver.java:108)<br/>
                                org.openqa.selenium.chrome.ChromeDriver.&lt;init&gt;(ChromeDriver.java:88)<br/>
                                org.openqa.selenium.chrome.ChromeDriver.&lt;init&gt;(ChromeDriver.java:83)<br/>
                                org.openqa.selenium.chrome.ChromeDriver.&lt;init&gt;(ChromeDriver.java:51)<br/>
                                com.skillstorm.inventorymanagement.cucumber.ShirtsSteps.setUp(ShirtsSteps.java:21)<br/>
                                java.base/jdk.internal.reflect.NativeMethodAccessorImpl.invoke0(Native Method)<br/>
                                java.base/jdk.internal.reflect.NativeMethodAccessorImpl.invoke(NativeMethodAccessorImpl.java:77)<br/>
                                java.base/jdk.internal.reflect.DelegatingMethodAccessorImpl.invoke(DelegatingMethodAccessorImpl.java:43)<br/>
                                java.base/java.lang.reflect.Method.invoke(Method.java:568)<br/>
                                io.cucumber.java.Invoker.doInvoke(Invoker.java:66)<br/>
                                io.cucumber.java.Invoker.invoke(Invoker.java:24)<br/>
                                io.cucumber.java.AbstractGlueDefinition.invokeMethod(AbstractGlueDefinition.java:47)<br/>
                                io.cucumber.java.JavaHookDefinition.execute(JavaHookDefinition.java:64)<br/>
                                io.cucumber.core.runner.CoreHookDefinition.execute(CoreHookDefinition.java:46)<br/>
                                io.cucumber.core.runner.HookDefinitionMatch.runStep(HookDefinitionMatch.java:21)<br/>
                                io.cucumber.core.runner.ExecutionMode$1.execute(ExecutionMode.java:10)<br/>
                                io.cucumber.core.runner.TestStep.executeStep(TestStep.java:84)<br/>
                                io.cucumber.core.runner.TestStep.run(TestStep.java:56)<br/>
                                io.cucumber.core.runner.TestCase.run(TestCase.java:78)<br/>
                                io.cucumber.core.runner.Runner.runPickle(Runner.java:75)<br/>
                                io.cucumber.testng.TestNGCucumberRunner.lambda$runScenario$1(TestNGCucumberRunner.java:132)<br/>
                                io.cucumber.core.runtime.CucumberExecutionContext.lambda$runTestCase$5(CucumberExecutionContext.java:130)<br/>
                                io.cucumber.core.runtime.RethrowingThrowableCollector.executeAndThrow(RethrowingThrowableCollector.java:23)<br/>
                                io.cucumber.core.runtime.CucumberExecutionContext.runTestCase(CucumberExecutionContext.java:130)<br/>
                                io.cucumber.testng.TestNGCucumberRunner.runScenario(TestNGCucumberRunner.java:129)<br/>
                                io.cucumber.testng.AbstractTestNGCucumberTests.runScenario(AbstractTestNGCucumberTests.java:35)<br/>
                                java.base/jdk.internal.reflect.NativeMethodAccessorImpl.invoke0(Native Method)<br/>
                                java.base/jdk.internal.reflect.NativeMethodAccessorImpl.invoke(NativeMethodAccessorImpl.java:77)<br/>
                                java.base/jdk.internal.reflect.DelegatingMethodAccessorImpl.invoke(DelegatingMethodAccessorImpl.java:43)<br/>
                                java.base/java.lang.reflect.Method.invoke(Method.java:568)<br/>
                                org.testng.internal.invokers.MethodInvocationHelper.invokeMethod(MethodInvocationHelper.java:141)<br/>
                                org.testng.internal.invokers.TestInvoker.invokeMethod(TestInvoker.java:686)<br/>
                                org.testng.internal.invokers.TestInvoker.invokeTestMethod(TestInvoker.java:230)<br/>
                                org.testng.internal.invokers.MethodRunner.runInSequence(MethodRunner.java:63)<br/>
                                org.testng.internal.invokers.TestInvoker$MethodInvocationAgent.invoke(TestInvoker.java:992)<br/>
                                org.testng.internal.invokers.TestInvoker.invokeTestMethods(TestInvoker.java:203)<br/>
                                org.testng.internal.invokers.TestMethodWorker.invokeTestMethods(TestMethodWorker.java:154)<br/>
                                org.testng.internal.invokers.TestMethodWorker.run(TestMethodWorker.java:134)<br/>
                                java.base/java.util.ArrayList.forEach(ArrayList.java:1511)<br/>
                                org.testng.TestRunner.privateRun(TestRunner.java:739)<br/>
                                org.testng.TestRunner.run(TestRunner.java:614)<br/>
                                org.testng.SuiteRunner.runTest(SuiteRunner.java:421)<br/>
                                org.testng.SuiteRunner.runSequentially(SuiteRunner.java:413)<br/>
                                org.testng.SuiteRunner.privateRun(SuiteRunner.java:373)<br/>
                                org.testng.SuiteRunner.run(SuiteRunner.java:312)<br/>
                                org.testng.SuiteRunnerWorker.runSuite(SuiteRunnerWorker.java:52)<br/>
                                org.testng.SuiteRunnerWorker.run(SuiteRunnerWorker.java:95)<br/>
                                org.testng.TestNG.runSuitesSequentially(TestNG.java:1274)<br/>
                                org.testng.TestNG.runSuitesLocally(TestNG.java:1208)<br/>
                                org.testng.TestNG.runSuites(TestNG.java:1112)<br/>
                                org.testng.TestNG.run(TestNG.java:1079)<br/>
                                org.apache.maven.surefire.testng.TestNGExecutor.run(TestNGExecutor.java:308)<br/>
                                org.apache.maven.surefire.testng.TestNGXmlTestSuite.execute(TestNGXmlTestSuite.java:71)<br/>
                                org.apache.maven.surefire.testng.TestNGProvider.invoke(TestNGProvider.java:113)<br/>
                                org.apache.maven.surefire.booter.ForkedBooter.runSuitesInProcess(ForkedBooter.java:385)<br/>
                                org.apache.maven.surefire.booter.ForkedBooter.execute(ForkedBooter.java:162)<br/>
                                org.apache.maven.surefire.booter.ForkedBooter.run(ForkedBooter.java:507)<br/>
                                org.apache.maven.surefire.booter.ForkedBooter.main(ForkedBooter.java:495)<br/>
                        </div>
                </div>
        </td>
    </tr>
    </table>


    <table class="resultsTable" width="100%">
        <tr>
            <th colspan="3" class="header passed">Passed Tests</th>
        </tr>
            <tr>
                <td class="group" colspan="3">com.skillstorm.inventorymanagement.controllers.ShirtControllerTest</td>
            </tr>
    <tr>
        <td class="method">
                testAddShirt
        </td>
        <td class="duration">
            0.003s
        </td>
        <td class="result">
            <!-- Display the dependencies for skipped test methods -->


            <!-- Show logger output for the test -->

        </td>
    </tr>
    <tr>
        <td class="method">
                testCreateShirt
        </td>
        <td class="duration">
            0.001s
        </td>
        <td class="result">
            <!-- Display the dependencies for skipped test methods -->


            <!-- Show logger output for the test -->

        </td>
    </tr>
    <tr>
        <td class="method">
                testDeleteShirt
        </td>
        <td class="duration">
            0.000s
        </td>
        <td class="result">
            <!-- Display the dependencies for skipped test methods -->


            <!-- Show logger output for the test -->

        </td>
    </tr>
    <tr>
        <td class="method">
                testFindAllShirts
        </td>
        <td class="duration">
            0.000s
        </td>
        <td class="result">
            <!-- Display the dependencies for skipped test methods -->


            <!-- Show logger output for the test -->

        </td>
    </tr>
    <tr>
        <td class="method">
                testUpdateShirt
        </td>
        <td class="duration">
            0.001s
        </td>
        <td class="result">
            <!-- Display the dependencies for skipped test methods -->


            <!-- Show logger output for the test -->

        </td>
    </tr>
            <tr>
                <td class="group" colspan="3">com.skillstorm.inventorymanagement.controllers.WarehouseControllerTest</td>
            </tr>
    <tr>
        <td class="method">
                testCreateWarehouse
        </td>
        <td class="duration">
            0.040s
        </td>
        <td class="result">
            <!-- Display the dependencies for skipped test methods -->


            <!-- Show logger output for the test -->

        </td>
    </tr>
    <tr>
        <td class="method">
                testDeleteWarehouseFailure
        </td>
        <td class="duration">
            0.004s
        </td>
        <td class="result">
            <!-- Display the dependencies for skipped test methods -->


            <!-- Show logger output for the test -->

        </td>
    </tr>
    <tr>
        <td class="method">
                testDeleteWarehouseSuccess
        </td>
        <td class="duration">
            0.001s
        </td>
        <td class="result">
            <!-- Display the dependencies for skipped test methods -->


            <!-- Show logger output for the test -->

        </td>
    </tr>
    <tr>
        <td class="method">
                testFindAllWarehouses
        </td>
        <td class="duration">
            0.001s
        </td>
        <td class="result">
            <!-- Display the dependencies for skipped test methods -->


            <!-- Show logger output for the test -->

        </td>
    </tr>
    <tr>
        <td class="method">
                testUpdateWarehouse
        </td>
        <td class="duration">
            0.001s
        </td>
        <td class="result">
            <!-- Display the dependencies for skipped test methods -->


            <!-- Show logger output for the test -->

        </td>
    </tr>
            <tr>
                <td class="group" colspan="3">com.skillstorm.inventorymanagement.models.ShirtTest</td>
            </tr>
    <tr>
        <td class="method">
                testAnimal
        </td>
        <td class="duration">
            0.002s
        </td>
        <td class="result">
            <!-- Display the dependencies for skipped test methods -->


            <!-- Show logger output for the test -->

        </td>
    </tr>
    <tr>
        <td class="method">
                testDefaultConstructor
        </td>
        <td class="duration">
            0.000s
        </td>
        <td class="result">
            <!-- Display the dependencies for skipped test methods -->


            <!-- Show logger output for the test -->

        </td>
    </tr>
    <tr>
        <td class="method">
                testEqualsDifferentAnimal
        </td>
        <td class="duration">
            0.000s
        </td>
        <td class="result">
            <!-- Display the dependencies for skipped test methods -->


            <!-- Show logger output for the test -->

        </td>
    </tr>
    <tr>
        <td class="method">
                testEqualsDifferentClass
        </td>
        <td class="duration">
            0.000s
        </td>
        <td class="result">
            <!-- Display the dependencies for skipped test methods -->


            <!-- Show logger output for the test -->

        </td>
    </tr>
    <tr>
        <td class="method">
                testEqualsDifferentId
        </td>
        <td class="duration">
            0.000s
        </td>
        <td class="result">
            <!-- Display the dependencies for skipped test methods -->


            <!-- Show logger output for the test -->

        </td>
    </tr>
    <tr>
        <td class="method">
                testEqualsDifferentSize
        </td>
        <td class="duration">
            0.001s
        </td>
        <td class="result">
            <!-- Display the dependencies for skipped test methods -->


            <!-- Show logger output for the test -->

        </td>
    </tr>
    <tr>
        <td class="method">
                testEqualsDifferentWarehouse
        </td>
        <td class="duration">
            0.000s
        </td>
        <td class="result">
            <!-- Display the dependencies for skipped test methods -->


            <!-- Show logger output for the test -->

        </td>
    </tr>
    <tr>
        <td class="method">
                testEqualsNullObject
        </td>
        <td class="duration">
            0.000s
        </td>
        <td class="result">
            <!-- Display the dependencies for skipped test methods -->


            <!-- Show logger output for the test -->

        </td>
    </tr>
    <tr>
        <td class="method">
                testEqualsSameObject
        </td>
        <td class="duration">
            0.000s
        </td>
        <td class="result">
            <!-- Display the dependencies for skipped test methods -->


            <!-- Show logger output for the test -->

        </td>
    </tr>
    <tr>
        <td class="method">
                testEqualsSameValues
        </td>
        <td class="duration">
            0.000s
        </td>
        <td class="result">
            <!-- Display the dependencies for skipped test methods -->


            <!-- Show logger output for the test -->

        </td>
    </tr>
    <tr>
        <td class="method">
                testEqualsWithNullAndDifferentClass
        </td>
        <td class="duration">
            0.001s
        </td>
        <td class="result">
            <!-- Display the dependencies for skipped test methods -->


            <!-- Show logger output for the test -->

        </td>
    </tr>
    <tr>
        <td class="method">
                testEqualsWithSelf
        </td>
        <td class="duration">
            0.001s
        </td>
        <td class="result">
            <!-- Display the dependencies for skipped test methods -->


            <!-- Show logger output for the test -->

        </td>
    </tr>
    <tr>
        <td class="method">
                testHashCode
        </td>
        <td class="duration">
            0.000s
        </td>
        <td class="result">
            <!-- Display the dependencies for skipped test methods -->


            <!-- Show logger output for the test -->

        </td>
    </tr>
    <tr>
        <td class="method">
                testHashCodeWithNullValues
        </td>
        <td class="duration">
            0.000s
        </td>
        <td class="result">
            <!-- Display the dependencies for skipped test methods -->


            <!-- Show logger output for the test -->

        </td>
    </tr>
    <tr>
        <td class="method">
                testId
        </td>
        <td class="duration">
            0.000s
        </td>
        <td class="result">
            <!-- Display the dependencies for skipped test methods -->


            <!-- Show logger output for the test -->

        </td>
    </tr>
    <tr>
        <td class="method">
                testSize
        </td>
        <td class="duration">
            0.001s
        </td>
        <td class="result">
            <!-- Display the dependencies for skipped test methods -->


            <!-- Show logger output for the test -->

        </td>
    </tr>
    <tr>
        <td class="method">
                testToString
        </td>
        <td class="duration">
            0.005s
        </td>
        <td class="result">
            <!-- Display the dependencies for skipped test methods -->


            <!-- Show logger output for the test -->

        </td>
    </tr>
    <tr>
        <td class="method">
                testWarehouse
        </td>
        <td class="duration">
            0.001s
        </td>
        <td class="result">
            <!-- Display the dependencies for skipped test methods -->


            <!-- Show logger output for the test -->

        </td>
    </tr>
            <tr>
                <td class="group" colspan="3">com.skillstorm.inventorymanagement.models.WarehouseTest</td>
            </tr>
    <tr>
        <td class="method">
                testCapacity
        </td>
        <td class="duration">
            0.000s
        </td>
        <td class="result">
            <!-- Display the dependencies for skipped test methods -->


            <!-- Show logger output for the test -->

        </td>
    </tr>
    <tr>
        <td class="method">
                testCity
        </td>
        <td class="duration">
            0.000s
        </td>
        <td class="result">
            <!-- Display the dependencies for skipped test methods -->


            <!-- Show logger output for the test -->

        </td>
    </tr>
    <tr>
        <td class="method">
                testConstructorWithNameCityCapacityAndShirts
        </td>
        <td class="duration">
            0.000s
        </td>
        <td class="result">
            <!-- Display the dependencies for skipped test methods -->


            <!-- Show logger output for the test -->

        </td>
    </tr>
    <tr>
        <td class="method">
                testConstructorWithoutShirts
        </td>
        <td class="duration">
            0.001s
        </td>
        <td class="result">
            <!-- Display the dependencies for skipped test methods -->


            <!-- Show logger output for the test -->

        </td>
    </tr>
    <tr>
        <td class="method">
                testDefaultConstructor
        </td>
        <td class="duration">
            0.000s
        </td>
        <td class="result">
            <!-- Display the dependencies for skipped test methods -->


            <!-- Show logger output for the test -->

        </td>
    </tr>
    <tr>
        <td class="method">
                testEquals
        </td>
        <td class="duration">
            0.000s
        </td>
        <td class="result">
            <!-- Display the dependencies for skipped test methods -->


            <!-- Show logger output for the test -->

        </td>
    </tr>
    <tr>
        <td class="method">
                testEqualsWithNullFields
        </td>
        <td class="duration">
            0.000s
        </td>
        <td class="result">
            <!-- Display the dependencies for skipped test methods -->


            <!-- Show logger output for the test -->

        </td>
    </tr>
    <tr>
        <td class="method">
                testHashCode
        </td>
        <td class="duration">
            0.000s
        </td>
        <td class="result">
            <!-- Display the dependencies for skipped test methods -->


            <!-- Show logger output for the test -->

        </td>
    </tr>
    <tr>
        <td class="method">
                testHashCodeWithNullValues
        </td>
        <td class="duration">
            0.000s
        </td>
        <td class="result">
            <!-- Display the dependencies for skipped test methods -->


            <!-- Show logger output for the test -->

        </td>
    </tr>
    <tr>
        <td class="method">
                testId
        </td>
        <td class="duration">
            0.000s
        </td>
        <td class="result">
            <!-- Display the dependencies for skipped test methods -->


            <!-- Show logger output for the test -->

        </td>
    </tr>
    <tr>
        <td class="method">
                testShirts
        </td>
        <td class="duration">
            0.000s
        </td>
        <td class="result">
            <!-- Display the dependencies for skipped test methods -->


            <!-- Show logger output for the test -->

        </td>
    </tr>
    <tr>
        <td class="method">
                testToString
        </td>
        <td class="duration">
            0.000s
        </td>
        <td class="result">
            <!-- Display the dependencies for skipped test methods -->


            <!-- Show logger output for the test -->

        </td>
    </tr>
    <tr>
        <td class="method">
                testWarehouseName
        </td>
        <td class="duration">
            0.000s
        </td>
        <td class="result">
            <!-- Display the dependencies for skipped test methods -->


            <!-- Show logger output for the test -->

        </td>
    </tr>
            <tr>
                <td class="group" colspan="3">com.skillstorm.inventorymanagement.services.ShirtServiceTest</td>
            </tr>
    <tr>
        <td class="method">
                testAddShirtWithExistingWarehouse
        </td>
        <td class="duration">
            0.001s
        </td>
        <td class="result">
            <!-- Display the dependencies for skipped test methods -->


            <!-- Show logger output for the test -->

        </td>
    </tr>
    <tr>
        <td class="method">
                testAddShirtWithNewWarehouse
        </td>
        <td class="duration">
            0.000s
        </td>
        <td class="result">
            <!-- Display the dependencies for skipped test methods -->


            <!-- Show logger output for the test -->

        </td>
    </tr>
    <tr>
        <td class="method">
                testDeleteShirt
        </td>
        <td class="duration">
            0.000s
        </td>
        <td class="result">
            <!-- Display the dependencies for skipped test methods -->


            <!-- Show logger output for the test -->

        </td>
    </tr>
    <tr>
        <td class="method">
                testFindAllShirts
        </td>
        <td class="duration">
            0.000s
        </td>
        <td class="result">
            <!-- Display the dependencies for skipped test methods -->


            <!-- Show logger output for the test -->

        </td>
    </tr>
    <tr>
        <td class="method">
                testSaveShirtWithExistingWarehouse
        </td>
        <td class="duration">
            0.001s
        </td>
        <td class="result">
            <!-- Display the dependencies for skipped test methods -->


            <!-- Show logger output for the test -->

        </td>
    </tr>
    <tr>
        <td class="method">
                testSaveShirtWithNewWarehouse
        </td>
        <td class="duration">
            0.001s
        </td>
        <td class="result">
            <!-- Display the dependencies for skipped test methods -->


            <!-- Show logger output for the test -->

        </td>
    </tr>
    <tr>
        <td class="method">
                testUpdateShirtsWarehouse
        </td>
        <td class="duration">
            0.000s
        </td>
        <td class="result">
            <!-- Display the dependencies for skipped test methods -->


            <!-- Show logger output for the test -->

        </td>
    </tr>
            <tr>
                <td class="group" colspan="3">com.skillstorm.inventorymanagement.services.WarehouseServiceTest</td>
            </tr>
    <tr>
        <td class="method">
                testDeleteWarehouse
        </td>
        <td class="duration">
            0.040s
        </td>
        <td class="result">
            <!-- Display the dependencies for skipped test methods -->


            <!-- Show logger output for the test -->

        </td>
    </tr>
    <tr>
        <td class="method">
                testDeleteWarehouseAndAssociatedShirts
        </td>
        <td class="duration">
            0.008s
        </td>
        <td class="result">
            <!-- Display the dependencies for skipped test methods -->


            <!-- Show logger output for the test -->

        </td>
    </tr>
    <tr>
        <td class="method">
                testFindAllWarehouses
        </td>
        <td class="duration">
            0.001s
        </td>
        <td class="result">
            <!-- Display the dependencies for skipped test methods -->


            <!-- Show logger output for the test -->

        </td>
    </tr>
    <tr>
        <td class="method">
                testSaveWarehouse
        </td>
        <td class="duration">
            0.002s
        </td>
        <td class="result">
            <!-- Display the dependencies for skipped test methods -->


            <!-- Show logger output for the test -->

        </td>
    </tr>
    </table>

<script type="text/javascript" src="reportng.js"></script>
</body>
